<?xml version="1.0" encoding="UTF-8"?>
<testng-results skipped="0" failed="0" total="1" passed="1">
  <reporter-output>
  </reporter-output>
  <suite name="Default suite" duration-ms="50727" started-at="2021-10-17T14:03:02Z" finished-at="2021-10-17T14:03:53Z">
    <groups>
      <group name="cucumber">
        <method signature="MyRunner.feature(cucumber.api.testng.CucumberFeatureWrapper)[pri:0, instance:TestRunner.MyRunner@180bc464]" name="feature" class="TestRunner.MyRunner"/>
      </group> <!-- cucumber -->
    </groups>
    <test name="Default test" duration-ms="50727" started-at="2021-10-17T14:03:02Z" finished-at="2021-10-17T14:03:53Z">
      <class name="TestRunner.MyRunner">
        <test-method status="PASS" signature="setUpClass()[pri:0, instance:TestRunner.MyRunner@180bc464]" name="setUpClass" is-config="true" duration-ms="290" started-at="2021-10-17T19:33:02Z" finished-at="2021-10-17T19:33:02Z">
          <reporter-output>
          </reporter-output>
        </test-method> <!-- setUpClass -->
        <test-method status="PASS" signature="feature(cucumber.api.testng.CucumberFeatureWrapper)[pri:0, instance:TestRunner.MyRunner@180bc464]" name="feature" duration-ms="38951" started-at="2021-10-17T19:33:03Z" description="Runs Cucumber Feature" data-provider="features" finished-at="2021-10-17T19:33:42Z">
          <params>
            <param index="0">
              <value>
                <![CDATA[LoginTest]]>
              </value>
            </param>
          </params>
          <reporter-output>
          </reporter-output>
        </test-method> <!-- feature -->
        <test-method status="PASS" signature="tearDownClass()[pri:0, instance:TestRunner.MyRunner@180bc464]" name="tearDownClass" is-config="true" duration-ms="11377" started-at="2021-10-17T19:33:42Z" finished-at="2021-10-17T19:33:53Z">
          <reporter-output>
          </reporter-output>
        </test-method> <!-- tearDownClass -->
      </class> <!-- TestRunner.MyRunner -->
    </test> <!-- Default test -->
  </suite> <!-- Default suite -->
</testng-results>
